2021-01-25 14:09:57,722 : INFO : init urls_request.py
2021-01-25 14:09:57,723 : DEBUG : Starting new HTTPS connection (1): api.sncf.com:443
2021-01-25 14:09:57,906 : DEBUG : https://api.sncf.com:443 "GET /v1/coverage/sncf HTTP/1.1" 200 802
2021-01-25 14:09:57,908 : INFO : status code 200
2021-01-25 14:09:57,909 : INFO : json.dump ok
2021-01-25 14:10:51,537 : INFO : init urls_request.py
2021-01-25 14:10:51,538 : DEBUG : Starting new HTTPS connection (1): api.sncf.com:443
2021-01-25 14:10:51,603 : DEBUG : https://api.sncf.com:443 "GET /v1/coverage/sncf HTTP/1.1" 200 802
2021-01-25 14:10:51,605 : INFO : status code 200
2021-01-25 14:10:51,606 : INFO : json.dump ok
2021-01-25 14:33:42,229 : INFO : init urls_request.py
2021-01-25 14:33:42,230 : DEBUG : Starting new HTTPS connection (1): api.sncf.com:443
2021-01-25 14:33:42,493 : DEBUG : https://api.sncf.com:443 "GET /v1/coverage/sncf/journeys HTTP/1.1" 400 76
2021-01-25 14:33:42,495 : WARNING : status code {r.status_code}
2021-01-25 14:33:42,495 : INFO : json.dump ok
2021-01-25 14:35:15,929 : INFO : init urls_request.py
2021-01-25 14:35:15,930 : DEBUG : Starting new HTTPS connection (1): api.sncf.com:443
2021-01-25 14:35:16,007 : DEBUG : https://api.sncf.com:443 "GET /v1/coverage/sncf/stop_areas HTTP/1.1" 200 2413
2021-01-25 14:35:16,009 : INFO : status code 200
2021-01-25 14:35:16,010 : INFO : json.dump ok
2021-01-25 14:42:46,428 : INFO : init urls_request.py
2021-01-25 14:42:46,429 : DEBUG : Starting new HTTPS connection (1): api.sncf.com:443
2021-01-25 14:42:46,605 : DEBUG : https://api.sncf.com:443 "GET /v1/coverage/sncf/stop_areas HTTP/1.1" 200 2413
2021-01-25 14:42:46,607 : INFO : status code 200
2021-01-25 14:42:46,608 : INFO : json.dump ok
2021-01-25 14:44:20,725 : INFO : init urls_request.py
2021-01-25 14:44:20,726 : DEBUG : Starting new HTTPS connection (1): api.sncf.com:443
2021-01-25 14:44:20,796 : DEBUG : https://api.sncf.com:443 "GET /v1/coverage/sncf/stop_areas HTTP/1.1" 200 2411
2021-01-25 14:44:20,798 : INFO : status code 200
2021-01-25 14:44:20,800 : INFO : json.dump ok
2021-01-25 14:45:27,284 : INFO : init urls_request.py
2021-01-25 14:45:27,285 : DEBUG : Starting new HTTPS connection (1): api.sncf.com:443
2021-01-25 14:45:27,355 : DEBUG : https://api.sncf.com:443 "GET /v1/coverage/sncf/stop_areas HTTP/1.1" 200 2413
2021-01-25 14:45:27,357 : INFO : status code 200
2021-01-25 14:45:27,358 : INFO : json.dump ok
2021-01-25 14:47:03,128 : INFO : init urls_request.py
2021-01-25 14:47:03,129 : DEBUG : Starting new HTTPS connection (1): api.sncf.com:443
2021-01-25 14:47:03,211 : DEBUG : https://api.sncf.com:443 "GET /v1/coverage/sncf/stop_areas HTTP/1.1" 200 2413
2021-01-25 14:47:03,213 : INFO : status code 200
2021-01-25 14:47:03,215 : INFO : json.dump ok
2021-01-25 14:47:03,229 : WARNING : Erreur fichier endpoints CSV
2021-01-25 14:49:20,431 : INFO : init urls_request.py
2021-01-25 14:49:20,432 : DEBUG : Starting new HTTPS connection (1): api.sncf.com:443
2021-01-25 14:49:20,527 : DEBUG : https://api.sncf.com:443 "GET /v1/coverage/sncf/stop_areas HTTP/1.1" 200 2410
2021-01-25 14:49:20,529 : INFO : status code 200
2021-01-25 14:49:20,530 : INFO : json.dump ok
2021-01-25 14:49:20,542 : WARNING : Erreur fichier endpoints CSV
2021-01-25 14:51:58,224 : INFO : init urls_request.py
2021-01-25 14:51:58,225 : DEBUG : Starting new HTTPS connection (1): api.sncf.com:443
2021-01-25 14:51:58,364 : DEBUG : https://api.sncf.com:443 "GET /v1/coverage/sncf/stop_areas HTTP/1.1" 200 2413
2021-01-25 14:51:58,367 : INFO : status code 200
2021-01-25 14:51:58,368 : INFO : json.dump ok
2021-01-25 14:51:58,385 : WARNING : Erreur fichier endpoints CSV
2021-01-25 14:52:31,197 : INFO : init urls_request.py
2021-01-25 14:52:31,198 : DEBUG : Starting new HTTPS connection (1): api.sncf.com:443
2021-01-25 14:52:31,260 : DEBUG : https://api.sncf.com:443 "GET /v1/coverage/sncf/stop_areas HTTP/1.1" 200 2416
2021-01-25 14:52:31,262 : INFO : status code 200
2021-01-25 14:52:31,262 : INFO : json.dump ok
2021-01-25 14:52:31,278 : WARNING : Erreur fichier endpoints CSV
2021-01-25 14:53:31,919 : INFO : init urls_request.py
2021-01-25 14:53:31,920 : DEBUG : Starting new HTTPS connection (1): api.sncf.com:443
2021-01-25 14:53:31,997 : DEBUG : https://api.sncf.com:443 "GET /v1/coverage/sncf/stop_areas HTTP/1.1" 200 2414
2021-01-25 14:53:31,998 : INFO : status code 200
2021-01-25 14:53:31,999 : INFO : json.dump ok
2021-01-25 14:53:32,008 : INFO : csv Writer(header) ok
2021-01-25 14:53:32,008 : INFO : csv Writer ok
